<?xml version="1.0" encoding="UTF-8"?>
<testng-results ignored="0" total="1" passed="1" failed="0" skipped="0">
  <reporter-output>
  </reporter-output>
  <suite started-at="2020-06-05T14:54:29 CST" name="Default Suite" finished-at="2020-06-05T14:55:07 CST" duration-ms="38157">
    <groups>
    </groups>
    <test started-at="2020-06-05T14:54:29 CST" name="Demo" finished-at="2020-06-05T14:55:07 CST" duration-ms="38157">
      <class name="org.example.demo1">
        <test-method is-config="true" signature="Start()[pri:0, instance:org.example.demo1@3754a4bf]" started-at="2020-06-05T14:54:29 CST" name="Start" finished-at="2020-06-05T14:54:40 CST" duration-ms="10558" status="PASS">
          <reporter-output>
          </reporter-output>
        </test-method> <!-- Start -->
        <test-method signature="sampleTest()[pri:0, instance:org.example.demo1@3754a4bf]" started-at="2020-06-05T14:54:40 CST" name="sampleTest" finished-at="2020-06-05T14:55:07 CST" duration-ms="27081" status="PASS">
          <reporter-output>
          </reporter-output>
        </test-method> <!-- sampleTest -->
        <test-method is-config="true" signature="tearDown()[pri:0, instance:org.example.demo1@3754a4bf]" started-at="2020-06-05T14:55:07 CST" name="tearDown" finished-at="2020-06-05T14:55:07 CST" duration-ms="496" status="PASS">
          <reporter-output>
          </reporter-output>
        </test-method> <!-- tearDown -->
      </class> <!-- org.example.demo1 -->
    </test> <!-- Demo -->
  </suite> <!-- Default Suite -->
</testng-results>
